2024-04-10 19:43:11.810 +00:00 [INF] Application Starting...
2024-04-10 19:43:11.829 +00:00 [INF] 

2024-04-10 19:43:11.830 +00:00 [INF] Connection String: Server=192.168.0.107,49172\SQLEXPRESS;Database=AspnetB9;User Id=aspnetb9;Password=123456;Trust Server Certificate=True;
2024-04-10 19:43:11.830 +00:00 [INF] Migration Assembly: FirstDemo.Web, Version=1.0.0.0, Culture=neutral, PublicKeyToken=null
2024-04-10 19:43:11.830 +00:00 [INF] 

2024-04-10 19:43:12.279 +00:00 [WRN] Storing keys in a directory '/root/.aspnet/DataProtection-Keys' that may not be persisted outside of the container. Protected data will be unavailable when container is destroyed.
2024-04-10 19:43:12.318 +00:00 [WRN] No XML encryptor configured. Key {e8bcc056-c9fa-4a96-ba8b-89f569545716} may be persisted to storage in unencrypted form.
2024-04-10 19:44:33.151 +00:00 [WRN] Failed to determine the https port for redirect.
2024-04-10 19:44:33.184 +00:00 [WRN] Error unprotecting the session cookie.
System.Security.Cryptography.CryptographicException: The key {74488e15-3eea-49a9-ab70-b6c9048f64e9} was not found in the key ring. For more information go to http://aka.ms/dataprotectionwarning
   at Microsoft.AspNetCore.DataProtection.KeyManagement.KeyRingBasedDataProtector.UnprotectCore(Byte[] protectedData, Boolean allowOperationsOnRevokedKeys, UnprotectStatus& status)
   at Microsoft.AspNetCore.DataProtection.KeyManagement.KeyRingBasedDataProtector.Unprotect(Byte[] protectedData)
   at Microsoft.AspNetCore.Session.CookieProtection.Unprotect(IDataProtector protector, String protectedText, ILogger logger)
2024-04-10 19:44:33.193 +00:00 [INF] I am in index
2024-04-10 19:44:35.417 +00:00 [WRN] Error unprotecting the session cookie.
System.Security.Cryptography.CryptographicException: The key {74488e15-3eea-49a9-ab70-b6c9048f64e9} was not found in the key ring. For more information go to http://aka.ms/dataprotectionwarning
   at Microsoft.AspNetCore.DataProtection.KeyManagement.KeyRingBasedDataProtector.UnprotectCore(Byte[] protectedData, Boolean allowOperationsOnRevokedKeys, UnprotectStatus& status)
   at Microsoft.AspNetCore.DataProtection.KeyManagement.KeyRingBasedDataProtector.Unprotect(Byte[] protectedData)
   at Microsoft.AspNetCore.Session.CookieProtection.Unprotect(IDataProtector protector, String protectedText, ILogger logger)
2024-04-10 19:44:35.441 +00:00 [ERR] An exception was thrown while deserializing the token.
Microsoft.AspNetCore.Antiforgery.AntiforgeryValidationException: The antiforgery token could not be decrypted.
 ---> System.Security.Cryptography.CryptographicException: The key {43a839a6-910f-4834-8646-aec5dfc595f2} was not found in the key ring. For more information go to http://aka.ms/dataprotectionwarning
   at Microsoft.AspNetCore.DataProtection.KeyManagement.KeyRingBasedDataProtector.UnprotectCore(Byte[] protectedData, Boolean allowOperationsOnRevokedKeys, UnprotectStatus& status)
   at Microsoft.AspNetCore.DataProtection.KeyManagement.KeyRingBasedDataProtector.Unprotect(Byte[] protectedData)
   at Microsoft.AspNetCore.Antiforgery.DefaultAntiforgeryTokenSerializer.Deserialize(String serializedToken)
   --- End of inner exception stack trace ---
   at Microsoft.AspNetCore.Antiforgery.DefaultAntiforgeryTokenSerializer.Deserialize(String serializedToken)
   at Microsoft.AspNetCore.Antiforgery.DefaultAntiforgery.GetCookieTokenDoesNotThrow(HttpContext httpContext)
2024-04-10 19:44:43.474 +00:00 [WRN] Error unprotecting the session cookie.
System.Security.Cryptography.CryptographicException: The key {74488e15-3eea-49a9-ab70-b6c9048f64e9} was not found in the key ring. For more information go to http://aka.ms/dataprotectionwarning
   at Microsoft.AspNetCore.DataProtection.KeyManagement.KeyRingBasedDataProtector.UnprotectCore(Byte[] protectedData, Boolean allowOperationsOnRevokedKeys, UnprotectStatus& status)
   at Microsoft.AspNetCore.DataProtection.KeyManagement.KeyRingBasedDataProtector.Unprotect(Byte[] protectedData)
   at Microsoft.AspNetCore.Session.CookieProtection.Unprotect(IDataProtector protector, String protectedText, ILogger logger)
2024-04-10 19:44:44.399 +00:00 [INF] I am in index
2024-04-10 19:44:55.816 +00:00 [INF] I am in index
2024-04-10 19:46:14.093 +00:00 [INF] I am in index
2024-04-10 19:46:45.008 +00:00 [INF] I am in index
2024-04-10 19:46:47.226 +00:00 [INF] I am in index
