2024-04-09 20:20:11.578 +00:00 [WRN] Storing keys in a directory '/root/.aspnet/DataProtection-Keys' that may not be persisted outside of the container. Protected data will be unavailable when container is destroyed.
2024-04-09 20:20:11.630 +00:00 [WRN] No XML encryptor configured. Key {1bff62a8-2d67-48d2-8ec1-6bf401d58b2c} may be persisted to storage in unencrypted form.
2024-04-09 20:20:18.878 +00:00 [WRN] Failed to determine the https port for redirect.
2024-04-09 20:20:18.901 +00:00 [WRN] Error unprotecting the session cookie.
System.Security.Cryptography.CryptographicException: The key {74488e15-3eea-49a9-ab70-b6c9048f64e9} was not found in the key ring. For more information go to http://aka.ms/dataprotectionwarning
   at Microsoft.AspNetCore.DataProtection.KeyManagement.KeyRingBasedDataProtector.UnprotectCore(Byte[] protectedData, Boolean allowOperationsOnRevokedKeys, UnprotectStatus& status)
   at Microsoft.AspNetCore.DataProtection.KeyManagement.KeyRingBasedDataProtector.Unprotect(Byte[] protectedData)
   at Microsoft.AspNetCore.Session.CookieProtection.Unprotect(IDataProtector protector, String protectedText, ILogger logger)
2024-04-09 20:20:18.909 +00:00 [INF] I am in index
2024-04-09 20:20:20.956 +00:00 [WRN] Error unprotecting the session cookie.
System.Security.Cryptography.CryptographicException: The key {74488e15-3eea-49a9-ab70-b6c9048f64e9} was not found in the key ring. For more information go to http://aka.ms/dataprotectionwarning
   at Microsoft.AspNetCore.DataProtection.KeyManagement.KeyRingBasedDataProtector.UnprotectCore(Byte[] protectedData, Boolean allowOperationsOnRevokedKeys, UnprotectStatus& status)
   at Microsoft.AspNetCore.DataProtection.KeyManagement.KeyRingBasedDataProtector.Unprotect(Byte[] protectedData)
   at Microsoft.AspNetCore.Session.CookieProtection.Unprotect(IDataProtector protector, String protectedText, ILogger logger)
2024-04-09 20:20:20.978 +00:00 [ERR] An exception was thrown while deserializing the token.
Microsoft.AspNetCore.Antiforgery.AntiforgeryValidationException: The antiforgery token could not be decrypted.
 ---> System.Security.Cryptography.CryptographicException: The key {3c4a4ecc-586f-4b28-8cb9-d71c055cdd8d} was not found in the key ring. For more information go to http://aka.ms/dataprotectionwarning
   at Microsoft.AspNetCore.DataProtection.KeyManagement.KeyRingBasedDataProtector.UnprotectCore(Byte[] protectedData, Boolean allowOperationsOnRevokedKeys, UnprotectStatus& status)
   at Microsoft.AspNetCore.DataProtection.KeyManagement.KeyRingBasedDataProtector.Unprotect(Byte[] protectedData)
   at Microsoft.AspNetCore.Antiforgery.DefaultAntiforgeryTokenSerializer.Deserialize(String serializedToken)
   --- End of inner exception stack trace ---
   at Microsoft.AspNetCore.Antiforgery.DefaultAntiforgeryTokenSerializer.Deserialize(String serializedToken)
   at Microsoft.AspNetCore.Antiforgery.DefaultAntiforgery.GetCookieTokenDoesNotThrow(HttpContext httpContext)
2024-04-09 20:20:30.015 +00:00 [WRN] Error unprotecting the session cookie.
System.Security.Cryptography.CryptographicException: The key {74488e15-3eea-49a9-ab70-b6c9048f64e9} was not found in the key ring. For more information go to http://aka.ms/dataprotectionwarning
   at Microsoft.AspNetCore.DataProtection.KeyManagement.KeyRingBasedDataProtector.UnprotectCore(Byte[] protectedData, Boolean allowOperationsOnRevokedKeys, UnprotectStatus& status)
   at Microsoft.AspNetCore.DataProtection.KeyManagement.KeyRingBasedDataProtector.Unprotect(Byte[] protectedData)
   at Microsoft.AspNetCore.Session.CookieProtection.Unprotect(IDataProtector protector, String protectedText, ILogger logger)
2024-04-09 20:20:31.616 +00:00 [ERR] An unhandled exception has occurred while executing the request.
System.AggregateException: One or more errors occurred. (Cannot assign requested address)
 ---> System.Net.Sockets.SocketException (99): Cannot assign requested address
   at System.Net.Sockets.Socket.AwaitableSocketAsyncEventArgs.CreateException(SocketError error, Boolean forAsyncThrow)
   at System.Net.Sockets.Socket.AwaitableSocketAsyncEventArgs.SendToAsync(Socket socket, CancellationToken cancellationToken)
   at System.Net.Sockets.Socket.SendToAsync(ReadOnlyMemory`1 buffer, SocketFlags socketFlags, EndPoint remoteEP, CancellationToken cancellationToken)
   at System.Net.Sockets.Socket.SendToAsync(ArraySegment`1 buffer, SocketFlags socketFlags, EndPoint remoteEP)
   at System.Net.Sockets.UdpClient.SendAsync(Byte[] datagram, Int32 bytes, IPEndPoint endPoint)
   at Microsoft.Data.SqlClient.SNI.SSRP.SendUDPRequest(IPEndPoint endPoint, Byte[] requestPacket)
   at Microsoft.Data.SqlClient.SNI.SSRP.SendUDPRequest(IPAddress[] ipAddresses, Int32 port, Byte[] requestPacket, Boolean allIPsInParallel)
   at Microsoft.Data.SqlClient.SNI.SSRP.SendUDPRequest(String browserHostname, Int32 port, Byte[] requestPacket, Int64 timerExpire, Boolean allIPsInParallel, SqlConnectionIPAddressPreference ipPreference)
   at Microsoft.Data.SqlClient.SNI.SSRP.GetPortByInstanceName(String browserHostName, String instanceName, Int64 timerExpire, Boolean allIPsInParallel, SqlConnectionIPAddressPreference ipPreference)
   at Microsoft.Data.SqlClient.SNI.SNIProxy.CreateTcpHandle(DataSource details, Int64 timerExpire, Boolean parallel, SqlConnectionIPAddressPreference ipPreference, String cachedFQDN, SQLDNSInfo& pendingDNSInfo, Boolean tlsFirst, String hostNameInCertificate, String serverCertificateFilename)
   at Microsoft.Data.SqlClient.SNI.SNIProxy.CreateConnectionHandle(String fullServerName, Boolean ignoreSniOpenTimeout, Int64 timerExpire, Byte[]& instanceName, Byte[][]& spnBuffer, String serverSPN, Boolean flushCache, Boolean async, Boolean parallel, Boolean isIntegratedSecurity, SqlConnectionIPAddressPreference ipPreference, String cachedFQDN, SQLDNSInfo& pendingDNSInfo, Boolean tlsFirst, String hostNameInCertificate, String serverCertificateFilename)
   at Microsoft.Data.SqlClient.SNI.TdsParserStateObjectManaged.CreatePhysicalSNIHandle(String serverName, Boolean ignoreSniOpenTimeout, Int64 timerExpire, Byte[]& instanceName, Byte[][]& spnBuffer, Boolean flushCache, Boolean async, Boolean parallel, SqlConnectionIPAddressPreference iPAddressPreference, String cachedFQDN, SQLDNSInfo& pendingDNSInfo, String serverSPN, Boolean isIntegratedSecurity, Boolean tlsFirst, String hostNameInCertificate, String serverCertificateFilename)
   at Microsoft.Data.SqlClient.TdsParser.Connect(ServerInfo serverInfo, SqlInternalConnectionTds connHandler, Boolean ignoreSniOpenTimeout, Int64 timerExpire, SqlConnectionString connectionOptions, Boolean withFailover)
   at Microsoft.Data.SqlClient.SqlInternalConnectionTds.AttemptOneLogin(ServerInfo serverInfo, String newPassword, SecureString newSecurePassword, Boolean ignoreSniOpenTimeout, TimeoutTimer timeout, Boolean withFailover)
   at Microsoft.Data.SqlClient.SqlInternalConnectionTds.LoginNoFailover(ServerInfo serverInfo, String newPassword, SecureString newSecurePassword, Boolean redirectedUserInstance, SqlConnectionString connectionOptions, SqlCredential credential, TimeoutTimer timeout)
   at Microsoft.Data.SqlClient.SqlInternalConnectionTds.OpenLoginEnlist(TimeoutTimer timeout, SqlConnectionString connectionOptions, SqlCredential credential, String newPassword, SecureString newSecurePassword, Boolean redirectedUserInstance)
   at Microsoft.Data.SqlClient.SqlInternalConnectionTds..ctor(DbConnectionPoolIdentity identity, SqlConnectionString connectionOptions, SqlCredential credential, Object providerInfo, String newPassword, SecureString newSecurePassword, Boolean redirectedUserInstance, SqlConnectionString userConnectionOptions, SessionData reconnectSessionData, Boolean applyTransientFaultHandling, String accessToken, DbConnectionPool pool)
   at Microsoft.Data.SqlClient.SqlConnectionFactory.CreateConnection(DbConnectionOptions options, DbConnectionPoolKey poolKey, Object poolGroupProviderInfo, DbConnectionPool pool, DbConnection owningConnection, DbConnectionOptions userOptions)
   at Microsoft.Data.ProviderBase.DbConnectionFactory.CreatePooledConnection(DbConnectionPool pool, DbConnection owningObject, DbConnectionOptions options, DbConnectionPoolKey poolKey, DbConnectionOptions userOptions)
   at Microsoft.Data.ProviderBase.DbConnectionPool.CreateObject(DbConnection owningObject, DbConnectionOptions userOptions, DbConnectionInternal oldConnection)
   at Microsoft.Data.ProviderBase.DbConnectionPool.UserCreateRequest(DbConnection owningObject, DbConnectionOptions userOptions, DbConnectionInternal oldConnection)
   at Microsoft.Data.ProviderBase.DbConnectionPool.TryGetConnection(DbConnection owningObject, UInt32 waitForMultipleObjectsTimeout, Boolean allowCreate, Boolean onlyOneCheckConnection, DbConnectionOptions userOptions, DbConnectionInternal& connection)
   at Microsoft.Data.ProviderBase.DbConnectionPool.WaitForPendingOpen()
   at System.Threading.ExecutionContext.RunInternal(ExecutionContext executionContext, ContextCallback callback, Object state)
--- End of stack trace from previous location ---

   --- End of inner exception stack trace ---
   at Microsoft.Data.SqlClient.SNI.SSRP.SendUDPRequest(String browserHostname, Int32 port, Byte[] requestPacket, Int64 timerExpire, Boolean allIPsInParallel, SqlConnectionIPAddressPreference ipPreference)
   at Microsoft.Data.SqlClient.SNI.SSRP.GetPortByInstanceName(String browserHostName, String instanceName, Int64 timerExpire, Boolean allIPsInParallel, SqlConnectionIPAddressPreference ipPreference)
   at Microsoft.Data.SqlClient.SNI.SNIProxy.CreateTcpHandle(DataSource details, Int64 timerExpire, Boolean parallel, SqlConnectionIPAddressPreference ipPreference, String cachedFQDN, SQLDNSInfo& pendingDNSInfo, Boolean tlsFirst, String hostNameInCertificate, String serverCertificateFilename)
   at Microsoft.Data.SqlClient.SNI.SNIProxy.CreateConnectionHandle(String fullServerName, Boolean ignoreSniOpenTimeout, Int64 timerExpire, Byte[]& instanceName, Byte[][]& spnBuffer, String serverSPN, Boolean flushCache, Boolean async, Boolean parallel, Boolean isIntegratedSecurity, SqlConnectionIPAddressPreference ipPreference, String cachedFQDN, SQLDNSInfo& pendingDNSInfo, Boolean tlsFirst, String hostNameInCertificate, String serverCertificateFilename)
   at Microsoft.Data.SqlClient.SNI.TdsParserStateObjectManaged.CreatePhysicalSNIHandle(String serverName, Boolean ignoreSniOpenTimeout, Int64 timerExpire, Byte[]& instanceName, Byte[][]& spnBuffer, Boolean flushCache, Boolean async, Boolean parallel, SqlConnectionIPAddressPreference iPAddressPreference, String cachedFQDN, SQLDNSInfo& pendingDNSInfo, String serverSPN, Boolean isIntegratedSecurity, Boolean tlsFirst, String hostNameInCertificate, String serverCertificateFilename)
   at Microsoft.Data.SqlClient.TdsParser.Connect(ServerInfo serverInfo, SqlInternalConnectionTds connHandler, Boolean ignoreSniOpenTimeout, Int64 timerExpire, SqlConnectionString connectionOptions, Boolean withFailover)
   at Microsoft.Data.SqlClient.SqlInternalConnectionTds.AttemptOneLogin(ServerInfo serverInfo, String newPassword, SecureString newSecurePassword, Boolean ignoreSniOpenTimeout, TimeoutTimer timeout, Boolean withFailover)
   at Microsoft.Data.SqlClient.SqlInternalConnectionTds.LoginNoFailover(ServerInfo serverInfo, String newPassword, SecureString newSecurePassword, Boolean redirectedUserInstance, SqlConnectionString connectionOptions, SqlCredential credential, TimeoutTimer timeout)
   at Microsoft.Data.SqlClient.SqlInternalConnectionTds.OpenLoginEnlist(TimeoutTimer timeout, SqlConnectionString connectionOptions, SqlCredential credential, String newPassword, SecureString newSecurePassword, Boolean redirectedUserInstance)
   at Microsoft.Data.SqlClient.SqlInternalConnectionTds..ctor(DbConnectionPoolIdentity identity, SqlConnectionString connectionOptions, SqlCredential credential, Object providerInfo, String newPassword, SecureString newSecurePassword, Boolean redirectedUserInstance, SqlConnectionString userConnectionOptions, SessionData reconnectSessionData, Boolean applyTransientFaultHandling, String accessToken, DbConnectionPool pool)
   at Microsoft.Data.SqlClient.SqlConnectionFactory.CreateConnection(DbConnectionOptions options, DbConnectionPoolKey poolKey, Object poolGroupProviderInfo, DbConnectionPool pool, DbConnection owningConnection, DbConnectionOptions userOptions)
   at Microsoft.Data.ProviderBase.DbConnectionFactory.CreatePooledConnection(DbConnectionPool pool, DbConnection owningObject, DbConnectionOptions options, DbConnectionPoolKey poolKey, DbConnectionOptions userOptions)
   at Microsoft.Data.ProviderBase.DbConnectionPool.CreateObject(DbConnection owningObject, DbConnectionOptions userOptions, DbConnectionInternal oldConnection)
   at Microsoft.Data.ProviderBase.DbConnectionPool.UserCreateRequest(DbConnection owningObject, DbConnectionOptions userOptions, DbConnectionInternal oldConnection)
   at Microsoft.Data.ProviderBase.DbConnectionPool.TryGetConnection(DbConnection owningObject, UInt32 waitForMultipleObjectsTimeout, Boolean allowCreate, Boolean onlyOneCheckConnection, DbConnectionOptions userOptions, DbConnectionInternal& connection)
   at Microsoft.Data.ProviderBase.DbConnectionPool.WaitForPendingOpen()
--- End of stack trace from previous location ---
   at Microsoft.EntityFrameworkCore.Storage.RelationalConnection.OpenInternalAsync(Boolean errorsExpected, CancellationToken cancellationToken)
   at Microsoft.EntityFrameworkCore.Storage.RelationalConnection.OpenInternalAsync(Boolean errorsExpected, CancellationToken cancellationToken)
   at Microsoft.EntityFrameworkCore.Storage.RelationalConnection.OpenAsync(CancellationToken cancellationToken, Boolean errorsExpected)
   at Microsoft.EntityFrameworkCore.Storage.RelationalCommand.ExecuteReaderAsync(RelationalCommandParameterObject parameterObject, CancellationToken cancellationToken)
   at Microsoft.EntityFrameworkCore.Query.Internal.SingleQueryingEnumerable`1.AsyncEnumerator.InitializeReaderAsync(AsyncEnumerator enumerator, CancellationToken cancellationToken)
   at Microsoft.EntityFrameworkCore.SqlServer.Storage.Internal.SqlServerExecutionStrategy.ExecuteAsync[TState,TResult](TState state, Func`4 operation, Func`4 verifySucceeded, CancellationToken cancellationToken)
   at Microsoft.EntityFrameworkCore.Query.Internal.SingleQueryingEnumerable`1.AsyncEnumerator.MoveNextAsync()
   at Microsoft.EntityFrameworkCore.Query.ShapedQueryCompilingExpressionVisitor.SingleOrDefaultAsync[TSource](IAsyncEnumerable`1 asyncEnumerable, CancellationToken cancellationToken)
   at Microsoft.EntityFrameworkCore.Query.ShapedQueryCompilingExpressionVisitor.SingleOrDefaultAsync[TSource](IAsyncEnumerable`1 asyncEnumerable, CancellationToken cancellationToken)
   at Microsoft.AspNetCore.Identity.UserManager`1.FindByNameAsync(String userName)
   at Microsoft.AspNetCore.Identity.UserValidator`1.ValidateUserName(UserManager`1 manager, TUser user, ICollection`1 errors)
   at Microsoft.AspNetCore.Identity.UserValidator`1.ValidateAsync(UserManager`1 manager, TUser user)
   at Microsoft.AspNetCore.Identity.UserManager`1.ValidateUserAsync(TUser user)
   at Microsoft.AspNetCore.Identity.UserManager`1.CreateAsync(TUser user)
   at Microsoft.AspNetCore.Identity.UserManager`1.CreateAsync(TUser user, String password)
   at FirstDemo.Web.Models.RegistrationModel.RegisterAsync(String urlPrefix) in /src/FirstDemo.Web/Models/RegistrationModel.cs:line 59
   at FirstDemo.Web.Controllers.AccountController.Register(RegistrationModel model) in /src/FirstDemo.Web/Controllers/AccountController.cs:line 59
   at Microsoft.AspNetCore.Mvc.Infrastructure.ActionMethodExecutor.TaskOfIActionResultExecutor.Execute(ActionContext actionContext, IActionResultTypeMapper mapper, ObjectMethodExecutor executor, Object controller, Object[] arguments)
   at Microsoft.AspNetCore.Mvc.Infrastructure.ControllerActionInvoker.<InvokeActionMethodAsync>g__Awaited|12_0(ControllerActionInvoker invoker, ValueTask`1 actionResultValueTask)
   at Microsoft.AspNetCore.Mvc.Infrastructure.ControllerActionInvoker.<InvokeNextActionFilterAsync>g__Awaited|10_0(ControllerActionInvoker invoker, Task lastTask, State next, Scope scope, Object state, Boolean isCompleted)
   at Microsoft.AspNetCore.Mvc.Infrastructure.ControllerActionInvoker.Rethrow(ActionExecutedContextSealed context)
   at Microsoft.AspNetCore.Mvc.Infrastructure.ControllerActionInvoker.Next(State& next, Scope& scope, Object& state, Boolean& isCompleted)
   at Microsoft.AspNetCore.Mvc.Infrastructure.ControllerActionInvoker.<InvokeInnerFilterAsync>g__Awaited|13_0(ControllerActionInvoker invoker, Task lastTask, State next, Scope scope, Object state, Boolean isCompleted)
   at Microsoft.AspNetCore.Mvc.Infrastructure.ResourceInvoker.<InvokeNextResourceFilter>g__Awaited|25_0(ResourceInvoker invoker, Task lastTask, State next, Scope scope, Object state, Boolean isCompleted)
   at Microsoft.AspNetCore.Mvc.Infrastructure.ResourceInvoker.Rethrow(ResourceExecutedContextSealed context)
   at Microsoft.AspNetCore.Mvc.Infrastructure.ResourceInvoker.Next(State& next, Scope& scope, Object& state, Boolean& isCompleted)
   at Microsoft.AspNetCore.Mvc.Infrastructure.ResourceInvoker.<InvokeFilterPipelineAsync>g__Awaited|20_0(ResourceInvoker invoker, Task lastTask, State next, Scope scope, Object state, Boolean isCompleted)
   at Microsoft.AspNetCore.Mvc.Infrastructure.ResourceInvoker.<InvokeAsync>g__Awaited|17_0(ResourceInvoker invoker, Task task, IDisposable scope)
   at Microsoft.AspNetCore.Mvc.Infrastructure.ResourceInvoker.<InvokeAsync>g__Awaited|17_0(ResourceInvoker invoker, Task task, IDisposable scope)
   at Microsoft.AspNetCore.Routing.EndpointMiddleware.<Invoke>g__AwaitRequestTask|6_0(Endpoint endpoint, Task requestTask, ILogger logger)
   at Microsoft.AspNetCore.Session.SessionMiddleware.Invoke(HttpContext context)
   at Microsoft.AspNetCore.Session.SessionMiddleware.Invoke(HttpContext context)
   at Microsoft.AspNetCore.Authorization.AuthorizationMiddleware.Invoke(HttpContext context)
   at Microsoft.AspNetCore.Authentication.AuthenticationMiddleware.Invoke(HttpContext context)
   at Microsoft.AspNetCore.Diagnostics.ExceptionHandlerMiddlewareImpl.<Invoke>g__Awaited|8_0(ExceptionHandlerMiddlewareImpl middleware, HttpContext context, Task task)
2024-04-09 20:20:31.632 +00:00 [WRN] Error unprotecting the session cookie.
System.Security.Cryptography.CryptographicException: The key {74488e15-3eea-49a9-ab70-b6c9048f64e9} was not found in the key ring. For more information go to http://aka.ms/dataprotectionwarning
   at Microsoft.AspNetCore.DataProtection.KeyManagement.KeyRingBasedDataProtector.UnprotectCore(Byte[] protectedData, Boolean allowOperationsOnRevokedKeys, UnprotectStatus& status)
   at Microsoft.AspNetCore.DataProtection.KeyManagement.KeyRingBasedDataProtector.Unprotect(Byte[] protectedData)
   at Microsoft.AspNetCore.Session.CookieProtection.Unprotect(IDataProtector protector, String protectedText, ILogger logger)
2024-04-09 20:21:55.993 +00:00 [WRN] Storing keys in a directory '/root/.aspnet/DataProtection-Keys' that may not be persisted outside of the container. Protected data will be unavailable when container is destroyed.
2024-04-09 20:21:56.049 +00:00 [WRN] No XML encryptor configured. Key {43a839a6-910f-4834-8646-aec5dfc595f2} may be persisted to storage in unencrypted form.
2024-04-09 20:22:00.409 +00:00 [WRN] Failed to determine the https port for redirect.
2024-04-09 20:22:00.431 +00:00 [WRN] Error unprotecting the session cookie.
System.Security.Cryptography.CryptographicException: The key {74488e15-3eea-49a9-ab70-b6c9048f64e9} was not found in the key ring. For more information go to http://aka.ms/dataprotectionwarning
   at Microsoft.AspNetCore.DataProtection.KeyManagement.KeyRingBasedDataProtector.UnprotectCore(Byte[] protectedData, Boolean allowOperationsOnRevokedKeys, UnprotectStatus& status)
   at Microsoft.AspNetCore.DataProtection.KeyManagement.KeyRingBasedDataProtector.Unprotect(Byte[] protectedData)
   at Microsoft.AspNetCore.Session.CookieProtection.Unprotect(IDataProtector protector, String protectedText, ILogger logger)
2024-04-09 20:22:00.439 +00:00 [INF] I am in index
2024-04-09 20:22:01.610 +00:00 [WRN] Error unprotecting the session cookie.
System.Security.Cryptography.CryptographicException: The key {74488e15-3eea-49a9-ab70-b6c9048f64e9} was not found in the key ring. For more information go to http://aka.ms/dataprotectionwarning
   at Microsoft.AspNetCore.DataProtection.KeyManagement.KeyRingBasedDataProtector.UnprotectCore(Byte[] protectedData, Boolean allowOperationsOnRevokedKeys, UnprotectStatus& status)
   at Microsoft.AspNetCore.DataProtection.KeyManagement.KeyRingBasedDataProtector.Unprotect(Byte[] protectedData)
   at Microsoft.AspNetCore.Session.CookieProtection.Unprotect(IDataProtector protector, String protectedText, ILogger logger)
2024-04-09 20:22:01.612 +00:00 [INF] I am in index
2024-04-09 20:22:02.157 +00:00 [WRN] Error unprotecting the session cookie.
System.Security.Cryptography.CryptographicException: The key {74488e15-3eea-49a9-ab70-b6c9048f64e9} was not found in the key ring. For more information go to http://aka.ms/dataprotectionwarning
   at Microsoft.AspNetCore.DataProtection.KeyManagement.KeyRingBasedDataProtector.UnprotectCore(Byte[] protectedData, Boolean allowOperationsOnRevokedKeys, UnprotectStatus& status)
   at Microsoft.AspNetCore.DataProtection.KeyManagement.KeyRingBasedDataProtector.Unprotect(Byte[] protectedData)
   at Microsoft.AspNetCore.Session.CookieProtection.Unprotect(IDataProtector protector, String protectedText, ILogger logger)
2024-04-09 20:22:02.957 +00:00 [WRN] Error unprotecting the session cookie.
System.Security.Cryptography.CryptographicException: The key {74488e15-3eea-49a9-ab70-b6c9048f64e9} was not found in the key ring. For more information go to http://aka.ms/dataprotectionwarning
   at Microsoft.AspNetCore.DataProtection.KeyManagement.KeyRingBasedDataProtector.UnprotectCore(Byte[] protectedData, Boolean allowOperationsOnRevokedKeys, UnprotectStatus& status)
   at Microsoft.AspNetCore.DataProtection.KeyManagement.KeyRingBasedDataProtector.Unprotect(Byte[] protectedData)
   at Microsoft.AspNetCore.Session.CookieProtection.Unprotect(IDataProtector protector, String protectedText, ILogger logger)
2024-04-09 20:22:02.980 +00:00 [ERR] An exception was thrown while deserializing the token.
Microsoft.AspNetCore.Antiforgery.AntiforgeryValidationException: The antiforgery token could not be decrypted.
 ---> System.Security.Cryptography.CryptographicException: The key {1bff62a8-2d67-48d2-8ec1-6bf401d58b2c} was not found in the key ring. For more information go to http://aka.ms/dataprotectionwarning
   at Microsoft.AspNetCore.DataProtection.KeyManagement.KeyRingBasedDataProtector.UnprotectCore(Byte[] protectedData, Boolean allowOperationsOnRevokedKeys, UnprotectStatus& status)
   at Microsoft.AspNetCore.DataProtection.KeyManagement.KeyRingBasedDataProtector.Unprotect(Byte[] protectedData)
   at Microsoft.AspNetCore.Antiforgery.DefaultAntiforgeryTokenSerializer.Deserialize(String serializedToken)
   --- End of inner exception stack trace ---
   at Microsoft.AspNetCore.Antiforgery.DefaultAntiforgeryTokenSerializer.Deserialize(String serializedToken)
   at Microsoft.AspNetCore.Antiforgery.DefaultAntiforgery.GetCookieTokenDoesNotThrow(HttpContext httpContext)
2024-04-09 20:22:04.688 +00:00 [WRN] Error unprotecting the session cookie.
System.Security.Cryptography.CryptographicException: The key {74488e15-3eea-49a9-ab70-b6c9048f64e9} was not found in the key ring. For more information go to http://aka.ms/dataprotectionwarning
   at Microsoft.AspNetCore.DataProtection.KeyManagement.KeyRingBasedDataProtector.UnprotectCore(Byte[] protectedData, Boolean allowOperationsOnRevokedKeys, UnprotectStatus& status)
   at Microsoft.AspNetCore.DataProtection.KeyManagement.KeyRingBasedDataProtector.Unprotect(Byte[] protectedData)
   at Microsoft.AspNetCore.Session.CookieProtection.Unprotect(IDataProtector protector, String protectedText, ILogger logger)
2024-04-09 20:22:14.168 +00:00 [WRN] Error unprotecting the session cookie.
System.Security.Cryptography.CryptographicException: The key {74488e15-3eea-49a9-ab70-b6c9048f64e9} was not found in the key ring. For more information go to http://aka.ms/dataprotectionwarning
   at Microsoft.AspNetCore.DataProtection.KeyManagement.KeyRingBasedDataProtector.UnprotectCore(Byte[] protectedData, Boolean allowOperationsOnRevokedKeys, UnprotectStatus& status)
   at Microsoft.AspNetCore.DataProtection.KeyManagement.KeyRingBasedDataProtector.Unprotect(Byte[] protectedData)
   at Microsoft.AspNetCore.Session.CookieProtection.Unprotect(IDataProtector protector, String protectedText, ILogger logger)
2024-04-09 20:22:15.742 +00:00 [ERR] An unhandled exception has occurred while executing the request.
System.AggregateException: One or more errors occurred. (Cannot assign requested address)
 ---> System.Net.Sockets.SocketException (99): Cannot assign requested address
   at System.Net.Sockets.Socket.AwaitableSocketAsyncEventArgs.CreateException(SocketError error, Boolean forAsyncThrow)
   at System.Net.Sockets.Socket.AwaitableSocketAsyncEventArgs.SendToAsync(Socket socket, CancellationToken cancellationToken)
   at System.Net.Sockets.Socket.SendToAsync(ReadOnlyMemory`1 buffer, SocketFlags socketFlags, EndPoint remoteEP, CancellationToken cancellationToken)
   at System.Net.Sockets.Socket.SendToAsync(ArraySegment`1 buffer, SocketFlags socketFlags, EndPoint remoteEP)
   at System.Net.Sockets.UdpClient.SendAsync(Byte[] datagram, Int32 bytes, IPEndPoint endPoint)
   at Microsoft.Data.SqlClient.SNI.SSRP.SendUDPRequest(IPEndPoint endPoint, Byte[] requestPacket)
   at Microsoft.Data.SqlClient.SNI.SSRP.SendUDPRequest(IPAddress[] ipAddresses, Int32 port, Byte[] requestPacket, Boolean allIPsInParallel)
   at Microsoft.Data.SqlClient.SNI.SSRP.SendUDPRequest(String browserHostname, Int32 port, Byte[] requestPacket, Int64 timerExpire, Boolean allIPsInParallel, SqlConnectionIPAddressPreference ipPreference)
   at Microsoft.Data.SqlClient.SNI.SSRP.GetPortByInstanceName(String browserHostName, String instanceName, Int64 timerExpire, Boolean allIPsInParallel, SqlConnectionIPAddressPreference ipPreference)
   at Microsoft.Data.SqlClient.SNI.SNIProxy.CreateTcpHandle(DataSource details, Int64 timerExpire, Boolean parallel, SqlConnectionIPAddressPreference ipPreference, String cachedFQDN, SQLDNSInfo& pendingDNSInfo, Boolean tlsFirst, String hostNameInCertificate, String serverCertificateFilename)
   at Microsoft.Data.SqlClient.SNI.SNIProxy.CreateConnectionHandle(String fullServerName, Boolean ignoreSniOpenTimeout, Int64 timerExpire, Byte[]& instanceName, Byte[][]& spnBuffer, String serverSPN, Boolean flushCache, Boolean async, Boolean parallel, Boolean isIntegratedSecurity, SqlConnectionIPAddressPreference ipPreference, String cachedFQDN, SQLDNSInfo& pendingDNSInfo, Boolean tlsFirst, String hostNameInCertificate, String serverCertificateFilename)
   at Microsoft.Data.SqlClient.SNI.TdsParserStateObjectManaged.CreatePhysicalSNIHandle(String serverName, Boolean ignoreSniOpenTimeout, Int64 timerExpire, Byte[]& instanceName, Byte[][]& spnBuffer, Boolean flushCache, Boolean async, Boolean parallel, SqlConnectionIPAddressPreference iPAddressPreference, String cachedFQDN, SQLDNSInfo& pendingDNSInfo, String serverSPN, Boolean isIntegratedSecurity, Boolean tlsFirst, String hostNameInCertificate, String serverCertificateFilename)
   at Microsoft.Data.SqlClient.TdsParser.Connect(ServerInfo serverInfo, SqlInternalConnectionTds connHandler, Boolean ignoreSniOpenTimeout, Int64 timerExpire, SqlConnectionString connectionOptions, Boolean withFailover)
   at Microsoft.Data.SqlClient.SqlInternalConnectionTds.AttemptOneLogin(ServerInfo serverInfo, String newPassword, SecureString newSecurePassword, Boolean ignoreSniOpenTimeout, TimeoutTimer timeout, Boolean withFailover)
   at Microsoft.Data.SqlClient.SqlInternalConnectionTds.LoginNoFailover(ServerInfo serverInfo, String newPassword, SecureString newSecurePassword, Boolean redirectedUserInstance, SqlConnectionString connectionOptions, SqlCredential credential, TimeoutTimer timeout)
   at Microsoft.Data.SqlClient.SqlInternalConnectionTds.OpenLoginEnlist(TimeoutTimer timeout, SqlConnectionString connectionOptions, SqlCredential credential, String newPassword, SecureString newSecurePassword, Boolean redirectedUserInstance)
   at Microsoft.Data.SqlClient.SqlInternalConnectionTds..ctor(DbConnectionPoolIdentity identity, SqlConnectionString connectionOptions, SqlCredential credential, Object providerInfo, String newPassword, SecureString newSecurePassword, Boolean redirectedUserInstance, SqlConnectionString userConnectionOptions, SessionData reconnectSessionData, Boolean applyTransientFaultHandling, String accessToken, DbConnectionPool pool)
   at Microsoft.Data.SqlClient.SqlConnectionFactory.CreateConnection(DbConnectionOptions options, DbConnectionPoolKey poolKey, Object poolGroupProviderInfo, DbConnectionPool pool, DbConnection owningConnection, DbConnectionOptions userOptions)
   at Microsoft.Data.ProviderBase.DbConnectionFactory.CreatePooledConnection(DbConnectionPool pool, DbConnection owningObject, DbConnectionOptions options, DbConnectionPoolKey poolKey, DbConnectionOptions userOptions)
   at Microsoft.Data.ProviderBase.DbConnectionPool.CreateObject(DbConnection owningObject, DbConnectionOptions userOptions, DbConnectionInternal oldConnection)
   at Microsoft.Data.ProviderBase.DbConnectionPool.UserCreateRequest(DbConnection owningObject, DbConnectionOptions userOptions, DbConnectionInternal oldConnection)
   at Microsoft.Data.ProviderBase.DbConnectionPool.TryGetConnection(DbConnection owningObject, UInt32 waitForMultipleObjectsTimeout, Boolean allowCreate, Boolean onlyOneCheckConnection, DbConnectionOptions userOptions, DbConnectionInternal& connection)
   at Microsoft.Data.ProviderBase.DbConnectionPool.WaitForPendingOpen()
   at System.Threading.ExecutionContext.RunInternal(ExecutionContext executionContext, ContextCallback callback, Object state)
--- End of stack trace from previous location ---

   --- End of inner exception stack trace ---
   at Microsoft.Data.SqlClient.SNI.SSRP.SendUDPRequest(String browserHostname, Int32 port, Byte[] requestPacket, Int64 timerExpire, Boolean allIPsInParallel, SqlConnectionIPAddressPreference ipPreference)
   at Microsoft.Data.SqlClient.SNI.SSRP.GetPortByInstanceName(String browserHostName, String instanceName, Int64 timerExpire, Boolean allIPsInParallel, SqlConnectionIPAddressPreference ipPreference)
   at Microsoft.Data.SqlClient.SNI.SNIProxy.CreateTcpHandle(DataSource details, Int64 timerExpire, Boolean parallel, SqlConnectionIPAddressPreference ipPreference, String cachedFQDN, SQLDNSInfo& pendingDNSInfo, Boolean tlsFirst, String hostNameInCertificate, String serverCertificateFilename)
   at Microsoft.Data.SqlClient.SNI.SNIProxy.CreateConnectionHandle(String fullServerName, Boolean ignoreSniOpenTimeout, Int64 timerExpire, Byte[]& instanceName, Byte[][]& spnBuffer, String serverSPN, Boolean flushCache, Boolean async, Boolean parallel, Boolean isIntegratedSecurity, SqlConnectionIPAddressPreference ipPreference, String cachedFQDN, SQLDNSInfo& pendingDNSInfo, Boolean tlsFirst, String hostNameInCertificate, String serverCertificateFilename)
   at Microsoft.Data.SqlClient.SNI.TdsParserStateObjectManaged.CreatePhysicalSNIHandle(String serverName, Boolean ignoreSniOpenTimeout, Int64 timerExpire, Byte[]& instanceName, Byte[][]& spnBuffer, Boolean flushCache, Boolean async, Boolean parallel, SqlConnectionIPAddressPreference iPAddressPreference, String cachedFQDN, SQLDNSInfo& pendingDNSInfo, String serverSPN, Boolean isIntegratedSecurity, Boolean tlsFirst, String hostNameInCertificate, String serverCertificateFilename)
   at Microsoft.Data.SqlClient.TdsParser.Connect(ServerInfo serverInfo, SqlInternalConnectionTds connHandler, Boolean ignoreSniOpenTimeout, Int64 timerExpire, SqlConnectionString connectionOptions, Boolean withFailover)
   at Microsoft.Data.SqlClient.SqlInternalConnectionTds.AttemptOneLogin(ServerInfo serverInfo, String newPassword, SecureString newSecurePassword, Boolean ignoreSniOpenTimeout, TimeoutTimer timeout, Boolean withFailover)
   at Microsoft.Data.SqlClient.SqlInternalConnectionTds.LoginNoFailover(ServerInfo serverInfo, String newPassword, SecureString newSecurePassword, Boolean redirectedUserInstance, SqlConnectionString connectionOptions, SqlCredential credential, TimeoutTimer timeout)
   at Microsoft.Data.SqlClient.SqlInternalConnectionTds.OpenLoginEnlist(TimeoutTimer timeout, SqlConnectionString connectionOptions, SqlCredential credential, String newPassword, SecureString newSecurePassword, Boolean redirectedUserInstance)
   at Microsoft.Data.SqlClient.SqlInternalConnectionTds..ctor(DbConnectionPoolIdentity identity, SqlConnectionString connectionOptions, SqlCredential credential, Object providerInfo, String newPassword, SecureString newSecurePassword, Boolean redirectedUserInstance, SqlConnectionString userConnectionOptions, SessionData reconnectSessionData, Boolean applyTransientFaultHandling, String accessToken, DbConnectionPool pool)
   at Microsoft.Data.SqlClient.SqlConnectionFactory.CreateConnection(DbConnectionOptions options, DbConnectionPoolKey poolKey, Object poolGroupProviderInfo, DbConnectionPool pool, DbConnection owningConnection, DbConnectionOptions userOptions)
   at Microsoft.Data.ProviderBase.DbConnectionFactory.CreatePooledConnection(DbConnectionPool pool, DbConnection owningObject, DbConnectionOptions options, DbConnectionPoolKey poolKey, DbConnectionOptions userOptions)
   at Microsoft.Data.ProviderBase.DbConnectionPool.CreateObject(DbConnection owningObject, DbConnectionOptions userOptions, DbConnectionInternal oldConnection)
   at Microsoft.Data.ProviderBase.DbConnectionPool.UserCreateRequest(DbConnection owningObject, DbConnectionOptions userOptions, DbConnectionInternal oldConnection)
   at Microsoft.Data.ProviderBase.DbConnectionPool.TryGetConnection(DbConnection owningObject, UInt32 waitForMultipleObjectsTimeout, Boolean allowCreate, Boolean onlyOneCheckConnection, DbConnectionOptions userOptions, DbConnectionInternal& connection)
   at Microsoft.Data.ProviderBase.DbConnectionPool.WaitForPendingOpen()
--- End of stack trace from previous location ---
   at Microsoft.EntityFrameworkCore.Storage.RelationalConnection.OpenInternalAsync(Boolean errorsExpected, CancellationToken cancellationToken)
   at Microsoft.EntityFrameworkCore.Storage.RelationalConnection.OpenInternalAsync(Boolean errorsExpected, CancellationToken cancellationToken)
   at Microsoft.EntityFrameworkCore.Storage.RelationalConnection.OpenAsync(CancellationToken cancellationToken, Boolean errorsExpected)
   at Microsoft.EntityFrameworkCore.Storage.RelationalCommand.ExecuteReaderAsync(RelationalCommandParameterObject parameterObject, CancellationToken cancellationToken)
   at Microsoft.EntityFrameworkCore.Query.Internal.SingleQueryingEnumerable`1.AsyncEnumerator.InitializeReaderAsync(AsyncEnumerator enumerator, CancellationToken cancellationToken)
   at Microsoft.EntityFrameworkCore.SqlServer.Storage.Internal.SqlServerExecutionStrategy.ExecuteAsync[TState,TResult](TState state, Func`4 operation, Func`4 verifySucceeded, CancellationToken cancellationToken)
   at Microsoft.EntityFrameworkCore.Query.Internal.SingleQueryingEnumerable`1.AsyncEnumerator.MoveNextAsync()
   at Microsoft.EntityFrameworkCore.Query.ShapedQueryCompilingExpressionVisitor.SingleOrDefaultAsync[TSource](IAsyncEnumerable`1 asyncEnumerable, CancellationToken cancellationToken)
   at Microsoft.EntityFrameworkCore.Query.ShapedQueryCompilingExpressionVisitor.SingleOrDefaultAsync[TSource](IAsyncEnumerable`1 asyncEnumerable, CancellationToken cancellationToken)
   at Microsoft.AspNetCore.Identity.UserManager`1.FindByNameAsync(String userName)
   at Microsoft.AspNetCore.Identity.SignInManager`1.PasswordSignInAsync(String userName, String password, Boolean isPersistent, Boolean lockoutOnFailure)
   at FirstDemo.Web.Controllers.AccountController.LoginAsync(LoginModel model) in /src/FirstDemo.Web/Controllers/AccountController.cs:line 104
   at Microsoft.AspNetCore.Mvc.Infrastructure.ActionMethodExecutor.TaskOfIActionResultExecutor.Execute(ActionContext actionContext, IActionResultTypeMapper mapper, ObjectMethodExecutor executor, Object controller, Object[] arguments)
   at Microsoft.AspNetCore.Mvc.Infrastructure.ControllerActionInvoker.<InvokeActionMethodAsync>g__Awaited|12_0(ControllerActionInvoker invoker, ValueTask`1 actionResultValueTask)
   at Microsoft.AspNetCore.Mvc.Infrastructure.ControllerActionInvoker.<InvokeNextActionFilterAsync>g__Awaited|10_0(ControllerActionInvoker invoker, Task lastTask, State next, Scope scope, Object state, Boolean isCompleted)
   at Microsoft.AspNetCore.Mvc.Infrastructure.ControllerActionInvoker.Rethrow(ActionExecutedContextSealed context)
   at Microsoft.AspNetCore.Mvc.Infrastructure.ControllerActionInvoker.Next(State& next, Scope& scope, Object& state, Boolean& isCompleted)
   at Microsoft.AspNetCore.Mvc.Infrastructure.ControllerActionInvoker.<InvokeInnerFilterAsync>g__Awaited|13_0(ControllerActionInvoker invoker, Task lastTask, State next, Scope scope, Object state, Boolean isCompleted)
   at Microsoft.AspNetCore.Mvc.Infrastructure.ResourceInvoker.<InvokeNextResourceFilter>g__Awaited|25_0(ResourceInvoker invoker, Task lastTask, State next, Scope scope, Object state, Boolean isCompleted)
   at Microsoft.AspNetCore.Mvc.Infrastructure.ResourceInvoker.Rethrow(ResourceExecutedContextSealed context)
   at Microsoft.AspNetCore.Mvc.Infrastructure.ResourceInvoker.Next(State& next, Scope& scope, Object& state, Boolean& isCompleted)
   at Microsoft.AspNetCore.Mvc.Infrastructure.ResourceInvoker.<InvokeFilterPipelineAsync>g__Awaited|20_0(ResourceInvoker invoker, Task lastTask, State next, Scope scope, Object state, Boolean isCompleted)
   at Microsoft.AspNetCore.Mvc.Infrastructure.ResourceInvoker.<InvokeAsync>g__Awaited|17_0(ResourceInvoker invoker, Task task, IDisposable scope)
   at Microsoft.AspNetCore.Mvc.Infrastructure.ResourceInvoker.<InvokeAsync>g__Awaited|17_0(ResourceInvoker invoker, Task task, IDisposable scope)
   at Microsoft.AspNetCore.Routing.EndpointMiddleware.<Invoke>g__AwaitRequestTask|6_0(Endpoint endpoint, Task requestTask, ILogger logger)
   at Microsoft.AspNetCore.Session.SessionMiddleware.Invoke(HttpContext context)
   at Microsoft.AspNetCore.Session.SessionMiddleware.Invoke(HttpContext context)
   at Microsoft.AspNetCore.Authorization.AuthorizationMiddleware.Invoke(HttpContext context)
   at Microsoft.AspNetCore.Authentication.AuthenticationMiddleware.Invoke(HttpContext context)
   at Microsoft.AspNetCore.Diagnostics.ExceptionHandlerMiddlewareImpl.<Invoke>g__Awaited|8_0(ExceptionHandlerMiddlewareImpl middleware, HttpContext context, Task task)
2024-04-09 20:22:15.752 +00:00 [WRN] Error unprotecting the session cookie.
System.Security.Cryptography.CryptographicException: The key {74488e15-3eea-49a9-ab70-b6c9048f64e9} was not found in the key ring. For more information go to http://aka.ms/dataprotectionwarning
   at Microsoft.AspNetCore.DataProtection.KeyManagement.KeyRingBasedDataProtector.UnprotectCore(Byte[] protectedData, Boolean allowOperationsOnRevokedKeys, UnprotectStatus& status)
   at Microsoft.AspNetCore.DataProtection.KeyManagement.KeyRingBasedDataProtector.Unprotect(Byte[] protectedData)
   at Microsoft.AspNetCore.Session.CookieProtection.Unprotect(IDataProtector protector, String protectedText, ILogger logger)
